{
  "RSpec": {
    "coverage": {
      "/Users/vachanda/money/lib/money.rb": [
        null,
        1,
        1,
        1,
        37,
        37,
        null,
        null,
        1,
        1,
        null,
        null,
        1,
        1,
        null,
        null,
        1,
        1,
        null,
        null,
        1,
        2,
        null,
        null,
        1,
        3,
        3,
        null,
        null,
        1,
        10,
        null,
        null,
        1,
        4,
        null,
        null,
        1,
        1,
        null,
        null,
        null
      ]
    },
    "timestamp": 1433330053
  }
}
