{
  "RSpec": {
    "coverage": {
      "/Users/vachanda/money/lib/money.rb": [
        null,
        1,
        1,
        1,
        38,
        null,
        null,
        1,
        2,
        null,
        null,
        1,
        3,
        null,
        null,
        1,
        10,
        null,
        null,
        1,
        4,
        4,
        1,
        null,
        4,
        4,
        4,
        2,
        null,
        4,
        3,
        null,
        4,
        null,
        null,
        1,
        4,
        null,
        null,
        1,
        1,
        null,
        null
      ]
    },
    "timestamp": 1433394542
  }
}
